stacks 2.3d is located under /share/pkg/stacks/2.3d
Parsed population map: 86 files in 1 population and 1 group.
Found 86 sample file(s).

Indentifying unique stacks...
  /share/pkg/stacks/2.3d/bin/ustacks -t gzfastq -f ./03_clone_filter_out/UMA2.1.fq.gz -o ./06_denovo_map_out -i 1 -m 3 --name UMA2 -p 20 -M 3
  /share/pkg/stacks/2.3d/bin/ustacks -t gzfastq -f ./03_clone_filter_out/UMA3.1.fq.gz -o ./06_denovo_map_out -i 2 -m 3 --name UMA3 -p 20 -M 3
  /share/pkg/stacks/2.3d/bin/ustacks -t gzfastq -f ./03_clone_filter_out/UMA4.1.fq.gz -o ./06_denovo_map_out -i 3 -m 3 --name UMA4 -p 20 -M 3
  /share/pkg/stacks/2.3d/bin/ustacks -t gzfastq -f ./03_clone_filter_out/UMA5.1.fq.gz -o ./06_denovo_map_out -i 4 -m 3 --name UMA5 -p 20 -M 3
  /share/pkg/stacks/2.3d/bin/ustacks -t gzfastq -f ./03_clone_filter_out/UMA6.1.fq.gz -o ./06_denovo_map_out -i 5 -m 3 --name UMA6 -p 20 -M 3
  /share/pkg/stacks/2.3d/bin/ustacks -t gzfastq -f ./03_clone_filter_out/UMA8.1.fq.gz -o ./06_denovo_map_out -i 6 -m 3 --name UMA8 -p 20 -M 3
  /share/pkg/stacks/2.3d/bin/ustacks -t gzfastq -f ./03_clone_filter_out/UMA9.1.fq.gz -o ./06_denovo_map_out -i 7 -m 3 --name UMA9 -p 20 -M 3
  /share/pkg/stacks/2.3d/bin/ustacks -t gzfastq -f ./03_clone_filter_out/UMA13.1.fq.gz -o ./06_denovo_map_out -i 8 -m 3 --name UMA13 -p 20 -M 3
  /share/pkg/stacks/2.3d/bin/ustacks -t gzfastq -f ./03_clone_filter_out/UMA14.1.fq.gz -o ./06_denovo_map_out -i 9 -m 3 --name UMA14 -p 20 -M 3
  /share/pkg/stacks/2.3d/bin/ustacks -t gzfastq -f ./03_clone_filter_out/UMA17.1.fq.gz -o ./06_denovo_map_out -i 10 -m 3 --name UMA17 -p 20 -M 3
  /share/pkg/stacks/2.3d/bin/ustacks -t gzfastq -f ./03_clone_filter_out/UMA19.1.fq.gz -o ./06_denovo_map_out -i 11 -m 3 --name UMA19 -p 20 -M 3
  /share/pkg/stacks/2.3d/bin/ustacks -t gzfastq -f ./03_clone_filter_out/UMA20.1.fq.gz -o ./06_denovo_map_out -i 12 -m 3 --name UMA20 -p 20 -M 3
  /share/pkg/stacks/2.3d/bin/ustacks -t gzfastq -f ./03_clone_filter_out/UMA21.1.fq.gz -o ./06_denovo_map_out -i 13 -m 3 --name UMA21 -p 20 -M 3
  /share/pkg/stacks/2.3d/bin/ustacks -t gzfastq -f ./03_clone_filter_out/UMA23.1.fq.gz -o ./06_denovo_map_out -i 14 -m 3 --name UMA23 -p 20 -M 3
  /share/pkg/stacks/2.3d/bin/ustacks -t gzfastq -f ./03_clone_filter_out/UMA26.1.fq.gz -o ./06_denovo_map_out -i 15 -m 3 --name UMA26 -p 20 -M 3
  /share/pkg/stacks/2.3d/bin/ustacks -t gzfastq -f ./03_clone_filter_out/RS32.1.fq.gz -o ./06_denovo_map_out -i 16 -m 3 --name RS32 -p 20 -M 3
  /share/pkg/stacks/2.3d/bin/ustacks -t gzfastq -f ./03_clone_filter_out/RS33.1.fq.gz -o ./06_denovo_map_out -i 17 -m 3 --name RS33 -p 20 -M 3
  /share/pkg/stacks/2.3d/bin/ustacks -t gzfastq -f ./03_clone_filter_out/UMA35.1.fq.gz -o ./06_denovo_map_out -i 18 -m 3 --name UMA35 -p 20 -M 3
  /share/pkg/stacks/2.3d/bin/ustacks -t gzfastq -f ./03_clone_filter_out/UMA37.1.fq.gz -o ./06_denovo_map_out -i 19 -m 3 --name UMA37 -p 20 -M 3
  /share/pkg/stacks/2.3d/bin/ustacks -t gzfastq -f ./03_clone_filter_out/UMA38.1.fq.gz -o ./06_denovo_map_out -i 20 -m 3 --name UMA38 -p 20 -M 3
  /share/pkg/stacks/2.3d/bin/ustacks -t gzfastq -f ./03_clone_filter_out/UMA39.1.fq.gz -o ./06_denovo_map_out -i 21 -m 3 --name UMA39 -p 20 -M 3
  /share/pkg/stacks/2.3d/bin/ustacks -t gzfastq -f ./03_clone_filter_out/UMA40.1.fq.gz -o ./06_denovo_map_out -i 22 -m 3 --name UMA40 -p 20 -M 3
  /share/pkg/stacks/2.3d/bin/ustacks -t gzfastq -f ./03_clone_filter_out/UMA41.1.fq.gz -o ./06_denovo_map_out -i 23 -m 3 --name UMA41 -p 20 -M 3
  /share/pkg/stacks/2.3d/bin/ustacks -t gzfastq -f ./03_clone_filter_out/UMA42.1.fq.gz -o ./06_denovo_map_out -i 24 -m 3 --name UMA42 -p 20 -M 3
  /share/pkg/stacks/2.3d/bin/ustacks -t gzfastq -f ./03_clone_filter_out/UMA101.1.fq.gz -o ./06_denovo_map_out -i 25 -m 3 --name UMA101 -p 20 -M 3
  /share/pkg/stacks/2.3d/bin/ustacks -t gzfastq -f ./03_clone_filter_out/UMA104.1.fq.gz -o ./06_denovo_map_out -i 26 -m 3 --name UMA104 -p 20 -M 3
  /share/pkg/stacks/2.3d/bin/ustacks -t gzfastq -f ./03_clone_filter_out/UMA44.1.fq.gz -o ./06_denovo_map_out -i 27 -m 3 --name UMA44 -p 20 -M 3
  /share/pkg/stacks/2.3d/bin/ustacks -t gzfastq -f ./03_clone_filter_out/UMA45.1.fq.gz -o ./06_denovo_map_out -i 28 -m 3 --name UMA45 -p 20 -M 3
  /share/pkg/stacks/2.3d/bin/ustacks -t gzfastq -f ./03_clone_filter_out/UMA46.1.fq.gz -o ./06_denovo_map_out -i 29 -m 3 --name UMA46 -p 20 -M 3
  /share/pkg/stacks/2.3d/bin/ustacks -t gzfastq -f ./03_clone_filter_out/UMA47.1.fq.gz -o ./06_denovo_map_out -i 30 -m 3 --name UMA47 -p 20 -M 3
  /share/pkg/stacks/2.3d/bin/ustacks -t gzfastq -f ./03_clone_filter_out/UMA48.1.fq.gz -o ./06_denovo_map_out -i 31 -m 3 --name UMA48 -p 20 -M 3
  /share/pkg/stacks/2.3d/bin/ustacks -t gzfastq -f ./03_clone_filter_out/UMA49.1.fq.gz -o ./06_denovo_map_out -i 32 -m 3 --name UMA49 -p 20 -M 3
  /share/pkg/stacks/2.3d/bin/ustacks -t gzfastq -f ./03_clone_filter_out/UMA50.1.fq.gz -o ./06_denovo_map_out -i 33 -m 3 --name UMA50 -p 20 -M 3
  /share/pkg/stacks/2.3d/bin/ustacks -t gzfastq -f ./03_clone_filter_out/UMA51.1.fq.gz -o ./06_denovo_map_out -i 34 -m 3 --name UMA51 -p 20 -M 3
  /share/pkg/stacks/2.3d/bin/ustacks -t gzfastq -f ./03_clone_filter_out/UMA52.1.fq.gz -o ./06_denovo_map_out -i 35 -m 3 --name UMA52 -p 20 -M 3
  /share/pkg/stacks/2.3d/bin/ustacks -t gzfastq -f ./03_clone_filter_out/UMA53.1.fq.gz -o ./06_denovo_map_out -i 36 -m 3 --name UMA53 -p 20 -M 3
  /share/pkg/stacks/2.3d/bin/ustacks -t gzfastq -f ./03_clone_filter_out/UMA55.1.fq.gz -o ./06_denovo_map_out -i 37 -m 3 --name UMA55 -p 20 -M 3
  /share/pkg/stacks/2.3d/bin/ustacks -t gzfastq -f ./03_clone_filter_out/UMA56.1.fq.gz -o ./06_denovo_map_out -i 38 -m 3 --name UMA56 -p 20 -M 3
  /share/pkg/stacks/2.3d/bin/ustacks -t gzfastq -f ./03_clone_filter_out/UMA57.1.fq.gz -o ./06_denovo_map_out -i 39 -m 3 --name UMA57 -p 20 -M 3
  /share/pkg/stacks/2.3d/bin/ustacks -t gzfastq -f ./03_clone_filter_out/UMA59.1.fq.gz -o ./06_denovo_map_out -i 40 -m 3 --name UMA59 -p 20 -M 3
  /share/pkg/stacks/2.3d/bin/ustacks -t gzfastq -f ./03_clone_filter_out/UMA60.1.fq.gz -o ./06_denovo_map_out -i 41 -m 3 --name UMA60 -p 20 -M 3
  /share/pkg/stacks/2.3d/bin/ustacks -t gzfastq -f ./03_clone_filter_out/UMA62.1.fq.gz -o ./06_denovo_map_out -i 42 -m 3 --name UMA62 -p 20 -M 3
  /share/pkg/stacks/2.3d/bin/ustacks -t gzfastq -f ./03_clone_filter_out/UMA63.1.fq.gz -o ./06_denovo_map_out -i 43 -m 3 --name UMA63 -p 20 -M 3
  /share/pkg/stacks/2.3d/bin/ustacks -t gzfastq -f ./03_clone_filter_out/UMA64.1.fq.gz -o ./06_denovo_map_out -i 44 -m 3 --name UMA64 -p 20 -M 3
  /share/pkg/stacks/2.3d/bin/ustacks -t gzfastq -f ./03_clone_filter_out/UMA65.1.fq.gz -o ./06_denovo_map_out -i 45 -m 3 --name UMA65 -p 20 -M 3
  /share/pkg/stacks/2.3d/bin/ustacks -t gzfastq -f ./03_clone_filter_out/UMA66.1.fq.gz -o ./06_denovo_map_out -i 46 -m 3 --name UMA66 -p 20 -M 3
  /share/pkg/stacks/2.3d/bin/ustacks -t gzfastq -f ./03_clone_filter_out/UMA67.1.fq.gz -o ./06_denovo_map_out -i 47 -m 3 --name UMA67 -p 20 -M 3
  /share/pkg/stacks/2.3d/bin/ustacks -t gzfastq -f ./03_clone_filter_out/UMA68.1.fq.gz -o ./06_denovo_map_out -i 48 -m 3 --name UMA68 -p 20 -M 3
  /share/pkg/stacks/2.3d/bin/ustacks -t gzfastq -f ./03_clone_filter_out/UMA69.1.fq.gz -o ./06_denovo_map_out -i 49 -m 3 --name UMA69 -p 20 -M 3
  /share/pkg/stacks/2.3d/bin/ustacks -t gzfastq -f ./03_clone_filter_out/UMA70.1.fq.gz -o ./06_denovo_map_out -i 50 -m 3 --name UMA70 -p 20 -M 3
  /share/pkg/stacks/2.3d/bin/ustacks -t gzfastq -f ./03_clone_filter_out/UMA71.1.fq.gz -o ./06_denovo_map_out -i 51 -m 3 --name UMA71 -p 20 -M 3
  /share/pkg/stacks/2.3d/bin/ustacks -t gzfastq -f ./03_clone_filter_out/UMA72.1.fq.gz -o ./06_denovo_map_out -i 52 -m 3 --name UMA72 -p 20 -M 3
  /share/pkg/stacks/2.3d/bin/ustacks -t gzfastq -f ./03_clone_filter_out/UMA73.1.fq.gz -o ./06_denovo_map_out -i 53 -m 3 --name UMA73 -p 20 -M 3
  /share/pkg/stacks/2.3d/bin/ustacks -t gzfastq -f ./03_clone_filter_out/UMA74.1.fq.gz -o ./06_denovo_map_out -i 54 -m 3 --name UMA74 -p 20 -M 3
  /share/pkg/stacks/2.3d/bin/ustacks -t gzfastq -f ./03_clone_filter_out/UMA77.1.fq.gz -o ./06_denovo_map_out -i 55 -m 3 --name UMA77 -p 20 -M 3
  /share/pkg/stacks/2.3d/bin/ustacks -t gzfastq -f ./03_clone_filter_out/UMA79.1.fq.gz -o ./06_denovo_map_out -i 56 -m 3 --name UMA79 -p 20 -M 3
  /share/pkg/stacks/2.3d/bin/ustacks -t gzfastq -f ./03_clone_filter_out/RK10.1.fq.gz -o ./06_denovo_map_out -i 57 -m 3 --name RK10 -p 20 -M 3
  /share/pkg/stacks/2.3d/bin/ustacks -t gzfastq -f ./03_clone_filter_out/RK11.1.fq.gz -o ./06_denovo_map_out -i 58 -m 3 --name RK11 -p 20 -M 3
  /share/pkg/stacks/2.3d/bin/ustacks -t gzfastq -f ./03_clone_filter_out/RK12.1.fq.gz -o ./06_denovo_map_out -i 59 -m 3 --name RK12 -p 20 -M 3
  /share/pkg/stacks/2.3d/bin/ustacks -t gzfastq -f ./03_clone_filter_out/RK13.1.fq.gz -o ./06_denovo_map_out -i 60 -m 3 --name RK13 -p 20 -M 3
  /share/pkg/stacks/2.3d/bin/ustacks -t gzfastq -f ./03_clone_filter_out/RK14.1.fq.gz -o ./06_denovo_map_out -i 61 -m 3 --name RK14 -p 20 -M 3
  /share/pkg/stacks/2.3d/bin/ustacks -t gzfastq -f ./03_clone_filter_out/RK15.1.fq.gz -o ./06_denovo_map_out -i 62 -m 3 --name RK15 -p 20 -M 3
  /share/pkg/stacks/2.3d/bin/ustacks -t gzfastq -f ./03_clone_filter_out/RK16.1.fq.gz -o ./06_denovo_map_out -i 63 -m 3 --name RK16 -p 20 -M 3
  /share/pkg/stacks/2.3d/bin/ustacks -t gzfastq -f ./03_clone_filter_out/UMA1.1.fq.gz -o ./06_denovo_map_out -i 64 -m 3 --name UMA1 -p 20 -M 3
  /share/pkg/stacks/2.3d/bin/ustacks -t gzfastq -f ./03_clone_filter_out/UMA7.1.fq.gz -o ./06_denovo_map_out -i 65 -m 3 --name UMA7 -p 20 -M 3
  /share/pkg/stacks/2.3d/bin/ustacks -t gzfastq -f ./03_clone_filter_out/UMA10.1.fq.gz -o ./06_denovo_map_out -i 66 -m 3 --name UMA10 -p 20 -M 3
  /share/pkg/stacks/2.3d/bin/ustacks -t gzfastq -f ./03_clone_filter_out/RS11.1.fq.gz -o ./06_denovo_map_out -i 67 -m 3 --name RS11 -p 20 -M 3
  /share/pkg/stacks/2.3d/bin/ustacks -t gzfastq -f ./03_clone_filter_out/UMA15.1.fq.gz -o ./06_denovo_map_out -i 68 -m 3 --name UMA15 -p 20 -M 3
  /share/pkg/stacks/2.3d/bin/ustacks -t gzfastq -f ./03_clone_filter_out/UMA16.1.fq.gz -o ./06_denovo_map_out -i 69 -m 3 --name UMA16 -p 20 -M 3
  /share/pkg/stacks/2.3d/bin/ustacks -t gzfastq -f ./03_clone_filter_out/UMA18.1.fq.gz -o ./06_denovo_map_out -i 70 -m 3 --name UMA18 -p 20 -M 3
  /share/pkg/stacks/2.3d/bin/ustacks -t gzfastq -f ./03_clone_filter_out/UMA22.1.fq.gz -o ./06_denovo_map_out -i 71 -m 3 --name UMA22 -p 20 -M 3
  /share/pkg/stacks/2.3d/bin/ustacks -t gzfastq -f ./03_clone_filter_out/UMA24.1.fq.gz -o ./06_denovo_map_out -i 72 -m 3 --name UMA24 -p 20 -M 3
  /share/pkg/stacks/2.3d/bin/ustacks -t gzfastq -f ./03_clone_filter_out/UMA25.1.fq.gz -o ./06_denovo_map_out -i 73 -m 3 --name UMA25 -p 20 -M 3
  /share/pkg/stacks/2.3d/bin/ustacks -t gzfastq -f ./03_clone_filter_out/UMA33.1.fq.gz -o ./06_denovo_map_out -i 74 -m 3 --name UMA33 -p 20 -M 3
  /share/pkg/stacks/2.3d/bin/ustacks -t gzfastq -f ./03_clone_filter_out/UMA34.1.fq.gz -o ./06_denovo_map_out -i 75 -m 3 --name UMA34 -p 20 -M 3
  /share/pkg/stacks/2.3d/bin/ustacks -t gzfastq -f ./03_clone_filter_out/UMA36.1.fq.gz -o ./06_denovo_map_out -i 76 -m 3 --name UMA36 -p 20 -M 3
  /share/pkg/stacks/2.3d/bin/ustacks -t gzfastq -f ./03_clone_filter_out/UMA76.1.fq.gz -o ./06_denovo_map_out -i 77 -m 3 --name UMA76 -p 20 -M 3
  /share/pkg/stacks/2.3d/bin/ustacks -t gzfastq -f ./03_clone_filter_out/UMA78.1.fq.gz -o ./06_denovo_map_out -i 78 -m 3 --name UMA78 -p 20 -M 3
  /share/pkg/stacks/2.3d/bin/ustacks -t gzfastq -f ./03_clone_filter_out/UMA80.1.fq.gz -o ./06_denovo_map_out -i 79 -m 3 --name UMA80 -p 20 -M 3
  /share/pkg/stacks/2.3d/bin/ustacks -t gzfastq -f ./03_clone_filter_out/UMA81.1.fq.gz -o ./06_denovo_map_out -i 80 -m 3 --name UMA81 -p 20 -M 3
  /share/pkg/stacks/2.3d/bin/ustacks -t gzfastq -f ./03_clone_filter_out/UMA82.1.fq.gz -o ./06_denovo_map_out -i 81 -m 3 --name UMA82 -p 20 -M 3
  /share/pkg/stacks/2.3d/bin/ustacks -t gzfastq -f ./03_clone_filter_out/RK17.1.fq.gz -o ./06_denovo_map_out -i 82 -m 3 --name RK17 -p 20 -M 3
  /share/pkg/stacks/2.3d/bin/ustacks -t gzfastq -f ./03_clone_filter_out/JFF1.1.fq.gz -o ./06_denovo_map_out -i 83 -m 3 --name JFF1 -p 20 -M 3
  /share/pkg/stacks/2.3d/bin/ustacks -t gzfastq -f ./03_clone_filter_out/JF2.1.fq.gz -o ./06_denovo_map_out -i 84 -m 3 --name JF2 -p 20 -M 3
  /share/pkg/stacks/2.3d/bin/ustacks -t gzfastq -f ./03_clone_filter_out/JF3.1.fq.gz -o ./06_denovo_map_out -i 85 -m 3 --name JF3 -p 20 -M 3
  /share/pkg/stacks/2.3d/bin/ustacks -t gzfastq -f ./03_clone_filter_out/JF4.1.fq.gz -o ./06_denovo_map_out -i 86 -m 3 --name JF4 -p 20 -M 3

Depths of Coverage for Processed Samples:
UMA2: 18.24x
UMA3: 16.26x
UMA4: 22.62x
UMA5: 13.19x
UMA6: 19.16x
UMA8: 18.61x
UMA9: 15.63x
UMA13: 10.33x
UMA14: 30.13x
UMA17: 27.35x
UMA19: 25.80x
UMA20: 26.69x
UMA21: 17.00x
UMA23: 28.38x
UMA26: 17.91x
RS32: 8.68x
RS33: 9.47x
UMA35: 13.90x
UMA37: 12.55x
UMA38: 32.86x
UMA39: 17.74x
UMA40: 20.65x
UMA41: 27.81x
UMA42: 18.54x
UMA101: 12.72x
UMA104: 12.54x
UMA44: 14.01x
UMA45: 13.83x
UMA46: 23.69x
UMA47: 13.63x
UMA48: 10.88x
UMA49: 10.93x
UMA50: 13.54x
UMA51: 18.18x
UMA52: 14.65x
UMA53: 12.17x
UMA55: 29.68x
UMA56: 31.97x
UMA57: 19.40x
UMA59: 14.30x
UMA60: 13.51x
UMA62: 37.21x
UMA63: 13.52x
UMA64: 26.97x
UMA65: 21.85x
UMA66: 15.44x
UMA67: 15.42x
UMA68: 21.88x
UMA69: 19.76x
UMA70: 18.15x
UMA71: 19.73x
UMA72: 21.93x
UMA73: 24.35x
UMA74: 25.57x
UMA77: 10.57x
UMA79: 14.04x
RK10: 15.06x
RK11: 31.54x
RK12: 25.19x
RK13: 51.22x
RK14: 23.00x
RK15: 27.10x
RK16: 15.98x
UMA1: 9.09x
UMA7: 7.58x
UMA10: 15.61x
RS11: 10.16x
UMA15: 11.68x
UMA16: 13.53x
UMA18: 19.15x
UMA22: 29.28x
UMA24: 33.84x
UMA25: 30.56x
UMA33: 7.23x
UMA34: 11.53x
UMA36: 15.58x
UMA76: 20.64x
UMA78: 31.48x
UMA80: 14.90x
UMA81: 7.68x
UMA82: 19.31x
RK17: 9.69x
JFF1: 7.74x
JF2: 8.20x
JF3: 7.98x
JF4: 7.54x

Generating catalog...
  /share/pkg/stacks/2.3d/bin/cstacks -P ./06_denovo_map_out -p 20 -n 3 -M ./pop_map.txt

